
  .   ____          _            __ _ _
 /\\ / ___'_ __ _ _(_)_ __  __ _ \ \ \ \
( ( )\___ | '_ | '_| | '_ \/ _` | \ \ \ \
 \\/  ___)| |_)| | | | | || (_| |  ) ) ) )
  '  |____| .__|_| |_|_| |_\__, | / / / /
 =========|_|==============|___/=/_/_/_/
 :: Spring Boot ::        (v2.0.0.RELEASE)

2021-12-20 17:42:00.613  INFO 3998 --- [           main] c.b.m.dataloader.DataloaderApplication   : Starting DataloaderApplication v0.0.1-SNAPSHOT on ip-172-31-46-252 with PID 3998 (/home/ec2-user/dataloader122021/dataloader-0.0.1-SNAPSHOT.jar started by ec2-user in /home/ec2-user/dataloader122021)
2021-12-20 17:42:00.618  INFO 3998 --- [           main] c.b.m.dataloader.DataloaderApplication   : No active profile set, falling back to default profiles: default
2021-12-20 17:42:00.845  INFO 3998 --- [           main] ConfigServletWebServerApplicationContext : Refreshing org.springframework.boot.web.servlet.context.AnnotationConfigServletWebServerApplicationContext@490d6c15: startup date [Mon Dec 20 17:42:00 UTC 2021]; root of context hierarchy
2021-12-20 17:42:02.745  INFO 3998 --- [           main] o.s.b.f.s.DefaultListableBeanFactory     : Overriding bean definition for bean 'dataLoadJobExecutionListener' with a different definition: replacing [Root bean: class [null]; scope=; abstract=false; lazyInit=false; autowireMode=3; dependencyCheck=0; autowireCandidate=true; primary=false; factoryBeanName=sponsorStudentJobConfig; factoryMethodName=dataLoadJobExecutionListener; initMethodName=null; destroyMethodName=(inferred); defined in class path resource [com/batch/manage/dataloader/config/enrollmentjob/SponsorStudentJobConfig.class]] with [Root bean: class [null]; scope=; abstract=false; lazyInit=false; autowireMode=3; dependencyCheck=0; autowireCandidate=true; primary=false; factoryBeanName=receiptsExcelFileToDatabaseJobConfig; factoryMethodName=dataLoadJobExecutionListener; initMethodName=null; destroyMethodName=(inferred); defined in class path resource [com/batch/manage/dataloader/config/receiptsJob/ReceiptsExcelFileToDatabaseJobConfig.class]]
2021-12-20 17:42:02.750  INFO 3998 --- [           main] o.s.b.f.s.DefaultListableBeanFactory     : Overriding bean definition for bean 'dataLoadJobExecutionListener' with a different definition: replacing [Root bean: class [null]; scope=; abstract=false; lazyInit=false; autowireMode=3; dependencyCheck=0; autowireCandidate=true; primary=false; factoryBeanName=receiptsExcelFileToDatabaseJobConfig; factoryMethodName=dataLoadJobExecutionListener; initMethodName=null; destroyMethodName=(inferred); defined in class path resource [com/batch/manage/dataloader/config/receiptsJob/ReceiptsExcelFileToDatabaseJobConfig.class]] with [Root bean: class [null]; scope=; abstract=false; lazyInit=false; autowireMode=3; dependencyCheck=0; autowireCandidate=true; primary=false; factoryBeanName=sponsorJobConfig; factoryMethodName=dataLoadJobExecutionListener; initMethodName=null; destroyMethodName=(inferred); defined in class path resource [com/batch/manage/dataloader/config/sponsorjob/SponsorJobConfig.class]]
2021-12-20 17:42:02.751  INFO 3998 --- [           main] o.s.b.f.s.DefaultListableBeanFactory     : Overriding bean definition for bean 'dataLoadJobExecutionListener' with a different definition: replacing [Root bean: class [null]; scope=; abstract=false; lazyInit=false; autowireMode=3; dependencyCheck=0; autowireCandidate=true; primary=false; factoryBeanName=sponsorJobConfig; factoryMethodName=dataLoadJobExecutionListener; initMethodName=null; destroyMethodName=(inferred); defined in class path resource [com/batch/manage/dataloader/config/sponsorjob/SponsorJobConfig.class]] with [Root bean: class [null]; scope=; abstract=false; lazyInit=false; autowireMode=3; dependencyCheck=0; autowireCandidate=true; primary=false; factoryBeanName=studenJobConfig; factoryMethodName=dataLoadJobExecutionListener; initMethodName=null; destroyMethodName=(inferred); defined in class path resource [com/batch/manage/dataloader/config/studentjob/StudenJobConfig.class]]
2021-12-20 17:42:04.246  WARN 3998 --- [           main] o.s.c.a.ConfigurationClassEnhancer       : @Bean method ScopeConfiguration.stepScope is non-static and returns an object assignable to Spring's BeanFactoryPostProcessor interface. This will result in a failure to process annotations such as @Autowired, @Resource and @PostConstruct within the method's declaring @Configuration class. Add the 'static' modifier to this method to avoid these container lifecycle issues; see @Bean javadoc for complete details.
2021-12-20 17:42:04.282  WARN 3998 --- [           main] o.s.c.a.ConfigurationClassEnhancer       : @Bean method ScopeConfiguration.jobScope is non-static and returns an object assignable to Spring's BeanFactoryPostProcessor interface. This will result in a failure to process annotations such as @Autowired, @Resource and @PostConstruct within the method's declaring @Configuration class. Add the 'static' modifier to this method to avoid these container lifecycle issues; see @Bean javadoc for complete details.
2021-12-20 17:42:04.765  INFO 3998 --- [           main] trationDelegate$BeanPostProcessorChecker : Bean 'org.springframework.transaction.annotation.ProxyTransactionManagementConfiguration' of type [org.springframework.transaction.annotation.ProxyTransactionManagementConfiguration$$EnhancerBySpringCGLIB$$eef34fbc] is not eligible for getting processed by all BeanPostProcessors (for example: not eligible for auto-proxying)
2021-12-20 17:42:05.695  INFO 3998 --- [           main] o.s.b.w.embedded.tomcat.TomcatWebServer  : Tomcat initialized with port(s): 9091 (http)
2021-12-20 17:42:05.784  INFO 3998 --- [           main] o.apache.catalina.core.StandardService   : Starting service [Tomcat]
2021-12-20 17:42:05.788  INFO 3998 --- [           main] org.apache.catalina.core.StandardEngine  : Starting Servlet Engine: Apache Tomcat/8.5.28
2021-12-20 17:42:05.819  INFO 3998 --- [ost-startStop-1] o.a.catalina.core.AprLifecycleListener   : The APR based Apache Tomcat Native library which allows optimal performance in production environments was not found on the java.library.path: [/usr/java/packages/lib/amd64:/usr/lib64:/lib64:/lib:/usr/lib]
2021-12-20 17:42:06.076  INFO 3998 --- [ost-startStop-1] o.a.c.c.C.[Tomcat].[localhost].[/]       : Initializing Spring embedded WebApplicationContext
2021-12-20 17:42:06.083  INFO 3998 --- [ost-startStop-1] o.s.web.context.ContextLoader            : Root WebApplicationContext: initialization completed in 5235 ms
2021-12-20 17:42:06.433  INFO 3998 --- [ost-startStop-1] o.s.b.w.servlet.ServletRegistrationBean  : Servlet dispatcherServlet mapped to [/]
2021-12-20 17:42:06.438  INFO 3998 --- [ost-startStop-1] o.s.b.w.servlet.FilterRegistrationBean   : Mapping filter: 'characterEncodingFilter' to: [/*]
2021-12-20 17:42:06.444  INFO 3998 --- [ost-startStop-1] o.s.b.w.servlet.FilterRegistrationBean   : Mapping filter: 'hiddenHttpMethodFilter' to: [/*]
2021-12-20 17:42:06.445  INFO 3998 --- [ost-startStop-1] o.s.b.w.servlet.FilterRegistrationBean   : Mapping filter: 'httpPutFormContentFilter' to: [/*]
2021-12-20 17:42:06.446  INFO 3998 --- [ost-startStop-1] o.s.b.w.servlet.FilterRegistrationBean   : Mapping filter: 'requestContextFilter' to: [/*]
2021-12-20 17:42:06.865  INFO 3998 --- [           main] com.zaxxer.hikari.HikariDataSource       : HikariPool-1 - Starting...
2021-12-20 17:42:07.328  INFO 3998 --- [           main] com.zaxxer.hikari.HikariDataSource       : HikariPool-1 - Start completed.
2021-12-20 17:42:07.503  INFO 3998 --- [           main] j.LocalContainerEntityManagerFactoryBean : Building JPA container EntityManagerFactory for persistence unit 'default'
2021-12-20 17:42:07.560  INFO 3998 --- [           main] o.hibernate.jpa.internal.util.LogHelper  : HHH000204: Processing PersistenceUnitInfo [
	name: default
	...]
2021-12-20 17:42:07.778  INFO 3998 --- [           main] org.hibernate.Version                    : HHH000412: Hibernate Core {5.2.14.Final}
2021-12-20 17:42:07.785  INFO 3998 --- [           main] org.hibernate.cfg.Environment            : HHH000206: hibernate.properties not found
2021-12-20 17:42:07.900  INFO 3998 --- [           main] o.hibernate.annotations.common.Version   : HCANN000001: Hibernate Commons Annotations {5.0.1.Final}
2021-12-20 17:42:08.622  INFO 3998 --- [           main] org.hibernate.dialect.Dialect            : HHH000400: Using dialect: org.hibernate.dialect.MySQL5Dialect
2021-12-20 17:42:09.894  INFO 3998 --- [           main] org.hibernate.tuple.PojoInstantiator     : HHH000182: No default (no-argument) constructor for class: com.batch.manage.dataloader.model.entity.enrollment.StudentMaxout (class must be instantiated by Interceptor)
2021-12-20 17:42:10.056  INFO 3998 --- [           main] org.hibernate.tuple.PojoInstantiator     : HHH000182: No default (no-argument) constructor for class: com.batch.manage.dataloader.model.entity.enrollment.Sponsee (class must be instantiated by Interceptor)
2021-12-20 17:42:10.098  INFO 3998 --- [           main] org.hibernate.tuple.PojoInstantiator     : HHH000182: No default (no-argument) constructor for class: com.batch.manage.dataloader.model.entity.enrollment.SponsorMaxout (class must be instantiated by Interceptor)
2021-12-20 17:42:10.550  INFO 3998 --- [           main] j.LocalContainerEntityManagerFactoryBean : Initialized JPA EntityManagerFactory for persistence unit 'default'
2021-12-20 17:42:12.061  WARN 3998 --- [           main] f.a.AutowiredAnnotationBeanPostProcessor : Autowired annotation is not supported on static fields: private static java.lang.String com.batch.manage.dataloader.config.S3AutoConfiguration.region
2021-12-20 17:42:13.294  WARN 3998 --- [           main] o.s.b.c.l.AbstractListenerFactoryBean    : org.springframework.batch.item.ItemStreamReader is an interface.  The implementing class will not be queried for annotation based listener configurations.  If using @StepScope on a @Bean method, be sure to return the implementing class so listener annotations can be used.
2021-12-20 17:42:13.306  WARN 3998 --- [           main] o.s.b.c.l.AbstractListenerFactoryBean    : org.springframework.batch.item.ItemProcessor is an interface.  The implementing class will not be queried for annotation based listener configurations.  If using @StepScope on a @Bean method, be sure to return the implementing class so listener annotations can be used.
2021-12-20 17:42:13.707  WARN 3998 --- [           main] o.s.b.c.l.AbstractListenerFactoryBean    : org.springframework.batch.item.ItemStreamReader is an interface.  The implementing class will not be queried for annotation based listener configurations.  If using @StepScope on a @Bean method, be sure to return the implementing class so listener annotations can be used.
2021-12-20 17:42:13.711  WARN 3998 --- [           main] o.s.b.c.l.AbstractListenerFactoryBean    : org.springframework.batch.item.ItemProcessor is an interface.  The implementing class will not be queried for annotation based listener configurations.  If using @StepScope on a @Bean method, be sure to return the implementing class so listener annotations can be used.
2021-12-20 17:42:13.772  WARN 3998 --- [           main] o.s.b.c.l.AbstractListenerFactoryBean    : org.springframework.batch.item.ItemStreamReader is an interface.  The implementing class will not be queried for annotation based listener configurations.  If using @StepScope on a @Bean method, be sure to return the implementing class so listener annotations can be used.
2021-12-20 17:42:13.773  WARN 3998 --- [           main] o.s.b.c.l.AbstractListenerFactoryBean    : org.springframework.batch.item.ItemProcessor is an interface.  The implementing class will not be queried for annotation based listener configurations.  If using @StepScope on a @Bean method, be sure to return the implementing class so listener annotations can be used.
2021-12-20 17:42:13.821  WARN 3998 --- [           main] o.s.b.c.l.AbstractListenerFactoryBean    : org.springframework.batch.item.ItemStreamReader is an interface.  The implementing class will not be queried for annotation based listener configurations.  If using @StepScope on a @Bean method, be sure to return the implementing class so listener annotations can be used.
2021-12-20 17:42:13.828  WARN 3998 --- [           main] o.s.b.c.l.AbstractListenerFactoryBean    : org.springframework.batch.item.ItemProcessor is an interface.  The implementing class will not be queried for annotation based listener configurations.  If using @StepScope on a @Bean method, be sure to return the implementing class so listener annotations can be used.
2021-12-20 17:42:15.045  INFO 3998 --- [           main] s.w.s.m.m.a.RequestMappingHandlerAdapter : Looking for @ControllerAdvice: org.springframework.boot.web.servlet.context.AnnotationConfigServletWebServerApplicationContext@490d6c15: startup date [Mon Dec 20 17:42:00 UTC 2021]; root of context hierarchy
2021-12-20 17:42:15.188  WARN 3998 --- [           main] aWebConfiguration$JpaWebMvcConfiguration : spring.jpa.open-in-view is enabled by default. Therefore, database queries may be performed during view rendering. Explicitly configure spring.jpa.open-in-view to disable this warning
2021-12-20 17:42:15.308  INFO 3998 --- [           main] s.w.s.m.m.a.RequestMappingHandlerMapping : Mapped "{[/launchspjob/{category}]}" onto public java.lang.String com.batch.manage.dataloader.controller.JobLauncherController.handleSponsor(java.lang.String) throws java.lang.Exception
2021-12-20 17:42:15.309  INFO 3998 --- [           main] s.w.s.m.m.a.RequestMappingHandlerMapping : Mapped "{[/launchstjob]}" onto public java.lang.String com.batch.manage.dataloader.controller.JobLauncherController.handleStudent() throws java.lang.Exception
2021-12-20 17:42:15.312  INFO 3998 --- [           main] s.w.s.m.m.a.RequestMappingHandlerMapping : Mapped "{[/launchssjob]}" onto public java.lang.String com.batch.manage.dataloader.controller.JobLauncherController.handleSponsorAndStudent() throws java.lang.Exception
2021-12-20 17:42:15.326  INFO 3998 --- [           main] s.w.s.m.m.a.RequestMappingHandlerMapping : Mapped "{[/error],produces=[text/html]}" onto public org.springframework.web.servlet.ModelAndView org.springframework.boot.autoconfigure.web.servlet.error.BasicErrorController.errorHtml(javax.servlet.http.HttpServletRequest,javax.servlet.http.HttpServletResponse)
2021-12-20 17:42:15.334  INFO 3998 --- [           main] s.w.s.m.m.a.RequestMappingHandlerMapping : Mapped "{[/error]}" onto public org.springframework.http.ResponseEntity<java.util.Map<java.lang.String, java.lang.Object>> org.springframework.boot.autoconfigure.web.servlet.error.BasicErrorController.error(javax.servlet.http.HttpServletRequest)
2021-12-20 17:42:15.440  INFO 3998 --- [           main] o.s.w.s.handler.SimpleUrlHandlerMapping  : Mapped URL path [/webjars/**] onto handler of type [class org.springframework.web.servlet.resource.ResourceHttpRequestHandler]
2021-12-20 17:42:15.444  INFO 3998 --- [           main] o.s.w.s.handler.SimpleUrlHandlerMapping  : Mapped URL path [/**] onto handler of type [class org.springframework.web.servlet.resource.ResourceHttpRequestHandler]
2021-12-20 17:42:15.564  INFO 3998 --- [           main] o.s.w.s.handler.SimpleUrlHandlerMapping  : Mapped URL path [/**/favicon.ico] onto handler of type [class org.springframework.web.servlet.resource.ResourceHttpRequestHandler]
2021-12-20 17:42:15.834  WARN 3998 --- [           main] o.s.b.a.batch.JpaBatchConfigurer         : JPA does not support custom isolation levels, so locks may not be taken when launching Jobs
2021-12-20 17:42:15.848  INFO 3998 --- [           main] o.s.b.c.r.s.JobRepositoryFactoryBean     : No database type set, using meta data indicating: MYSQL
2021-12-20 17:42:15.893  INFO 3998 --- [           main] o.s.b.c.l.support.SimpleJobLauncher      : No TaskExecutor has been set, defaulting to synchronous executor.
2021-12-20 17:42:16.259  INFO 3998 --- [           main] o.s.j.e.a.AnnotationMBeanExporter        : Registering beans for JMX exposure on startup
2021-12-20 17:42:16.268  INFO 3998 --- [           main] o.s.j.e.a.AnnotationMBeanExporter        : Bean with name 'dataSource' has been autodetected for JMX exposure
2021-12-20 17:42:16.282  INFO 3998 --- [           main] o.s.j.e.a.AnnotationMBeanExporter        : Located MBean 'dataSource': registering with JMX server as MBean [com.zaxxer.hikari:name=dataSource,type=HikariDataSource]
2021-12-20 17:42:16.553  INFO 3998 --- [           main] o.s.b.w.embedded.tomcat.TomcatWebServer  : Tomcat started on port(s): 9091 (http) with context path ''
2021-12-20 17:42:16.557  INFO 3998 --- [           main] c.b.m.dataloader.DataloaderApplication   : Started DataloaderApplication in 17.325 seconds (JVM running for 18.422)
